# JRE version: OpenJDK Runtime Environment Temurin-21.0.5+11 (21.0.5+11) (build 21.0.5+11-LTS)
# Java VM: OpenJDK 64-Bit Server VM Temurin-21.0.5+11 (21.0.5+11-LTS, mixed mode, emulated-client, sharing, tiered, compressed oops, compressed class ptrs, g1 gc, windows-amd64)
GC Precious Log:
 CardTable entry size: 512
 Card Set container configuration: InlinePtr #cards 5 size 8 Array Of Cards #cards 12 size 40 Howl #buckets 4 coarsen threshold 1843 Howl Bitmap #cards 512 size 80 coarsen threshold 460 Card regions per heap region 1 cards per card region 2048
 CPUs: 12 total, 12 available
 Memory: 7501M
 Large Page Support: Disabled
 NUMA Support: Disabled
 Compressed Oops: Enabled (32-bit)
 Heap Region Size: 1M
 Heap Min Capacity: 8M
 Heap Initial Capacity: 118M
 Heap Max Capacity: 1876M
 Pre-touch: Disabled
 Parallel Workers: 10
 Concurrent Workers: 3
 Concurrent Refinement Workers: 10
 Periodic GC: Disabled
Heap:
 garbage-first heap   total 84992K, used 49863K [0x000000008ac00000, 0x0000000100000000)
  region size 1024K, 31 young (31744K), 4 survivors (4096K)
 Metaspace       used 52517K, committed 53184K, reserved 1114112K
  class space    used 7133K, committed 7424K, reserved 1048576K
GC Heap History (20 events):
Event: 2.363 GC heap before
{Heap before GC invocations=6 (full 0):
 garbage-first heap   total 48128K, used 37692K [0x000000008ac00000, 0x0000000100000000)
  region size 1024K, 27 young (27648K), 3 survivors (3072K)
 Metaspace       used 24524K, committed 24896K, reserved 1114112K
  class space    used 3190K, committed 3392K, reserved 1048576K
}
Event: 2.366 GC heap after
{Heap after GC invocations=7 (full 0):
 garbage-first heap   total 58368K, used 15125K [0x000000008ac00000, 0x0000000100000000)
  region size 1024K, 2 young (2048K), 2 survivors (2048K)
 Metaspace       used 24524K, committed 24896K, reserved 1114112K
  class space    used 3190K, committed 3392K, reserved 1048576K
}
Event: 2.662 GC heap before
{Heap before GC invocations=7 (full 0):
 garbage-first heap   total 58368K, used 46869K [0x000000008ac00000, 0x0000000100000000)
  region size 1024K, 34 young (34816K), 2 survivors (2048K)
 Metaspace       used 26261K, committed 26688K, reserved 1114112K
  class space    used 3435K, committed 3648K, reserved 1048576K
}
Event: 2.665 GC heap after
{Heap after GC invocations=8 (full 0):
 garbage-first heap   total 58368K, used 16743K [0x000000008ac00000, 0x0000000100000000)
  region size 1024K, 4 young (4096K), 4 survivors (4096K)
 Metaspace       used 26261K, committed 26688K, reserved 1114112K
  class space    used 3435K, committed 3648K, reserved 1048576K
}
Event: 2.983 GC heap before
{Heap before GC invocations=8 (full 0):
 garbage-first heap   total 58368K, used 46439K [0x000000008ac00000, 0x0000000100000000)
  region size 1024K, 34 young (34816K), 4 survivors (4096K)
 Metaspace       used 28129K, committed 28544K, reserved 1114112K
  class space    used 3715K, committed 3904K, reserved 1048576K
}
Event: 2.988 GC heap after
{Heap after GC invocations=9 (full 0):
 garbage-first heap   total 58368K, used 17961K [0x000000008ac00000, 0x0000000100000000)
  region size 1024K, 3 young (3072K), 3 survivors (3072K)
 Metaspace       used 28129K, committed 28544K, reserved 1114112K
  class space    used 3715K, committed 3904K, reserved 1048576K
}
Event: 3.319 GC heap before
{Heap before GC invocations=9 (full 0):
 garbage-first heap   total 58368K, used 49705K [0x000000008ac00000, 0x0000000100000000)
  region size 1024K, 34 young (34816K), 3 survivors (3072K)
 Metaspace       used 30965K, committed 31488K, reserved 1114112K
  class space    used 4166K, committed 4416K, reserved 1048576K
}
Event: 3.323 GC heap after
{Heap after GC invocations=10 (full 0):
 garbage-first heap   total 58368K, used 19677K [0x000000008ac00000, 0x0000000100000000)
  region size 1024K, 3 young (3072K), 3 survivors (3072K)
 Metaspace       used 30965K, committed 31488K, reserved 1114112K
  class space    used 4166K, committed 4416K, reserved 1048576K
}
Event: 3.570 GC heap before
{Heap before GC invocations=10 (full 0):
 garbage-first heap   total 58368K, used 49373K [0x000000008ac00000, 0x0000000100000000)
  region size 1024K, 33 young (33792K), 3 survivors (3072K)
 Metaspace       used 33162K, committed 33664K, reserved 1114112K
  class space    used 4412K, committed 4608K, reserved 1048576K
}
Event: 3.574 GC heap after
{Heap after GC invocations=11 (full 0):
 garbage-first heap   total 58368K, used 20752K [0x000000008ac00000, 0x0000000100000000)
  region size 1024K, 3 young (3072K), 3 survivors (3072K)
 Metaspace       used 33162K, committed 33664K, reserved 1114112K
  class space    used 4412K, committed 4608K, reserved 1048576K
}
Event: 3.687 GC heap before
{Heap before GC invocations=11 (full 0):
 garbage-first heap   total 58368K, used 39184K [0x000000008ac00000, 0x0000000100000000)
  region size 1024K, 22 young (22528K), 3 survivors (3072K)
 Metaspace       used 35302K, committed 35840K, reserved 1114112K
  class space    used 4617K, committed 4864K, reserved 1048576K
}
Event: 3.691 GC heap after
{Heap after GC invocations=12 (full 0):
 garbage-first heap   total 70656K, used 21864K [0x000000008ac00000, 0x0000000100000000)
  region size 1024K, 3 young (3072K), 3 survivors (3072K)
 Metaspace       used 35302K, committed 35840K, reserved 1114112K
  class space    used 4617K, committed 4864K, reserved 1048576K
}
Event: 3.974 GC heap before
{Heap before GC invocations=13 (full 0):
 garbage-first heap   total 70656K, used 60776K [0x000000008ac00000, 0x0000000100000000)
  region size 1024K, 41 young (41984K), 3 survivors (3072K)
 Metaspace       used 38940K, committed 39552K, reserved 1114112K
  class space    used 5083K, committed 5376K, reserved 1048576K
}
Event: 3.978 GC heap after
{Heap after GC invocations=14 (full 0):
 garbage-first heap   total 70656K, used 22544K [0x000000008ac00000, 0x0000000100000000)
  region size 1024K, 3 young (3072K), 3 survivors (3072K)
 Metaspace       used 38940K, committed 39552K, reserved 1114112K
  class space    used 5083K, committed 5376K, reserved 1048576K
}
Event: 4.220 GC heap before
{Heap before GC invocations=14 (full 0):
 garbage-first heap   total 70656K, used 61456K [0x000000008ac00000, 0x0000000100000000)
  region size 1024K, 41 young (41984K), 3 survivors (3072K)
 Metaspace       used 42633K, committed 43200K, reserved 1114112K
  class space    used 5619K, committed 5888K, reserved 1048576K
}
Event: 4.224 GC heap after
{Heap after GC invocations=15 (full 0):
 garbage-first heap   total 70656K, used 23007K [0x000000008ac00000, 0x0000000100000000)
  region size 1024K, 4 young (4096K), 4 survivors (4096K)
 Metaspace       used 42633K, committed 43200K, reserved 1114112K
  class space    used 5619K, committed 5888K, reserved 1048576K
}
Event: 4.457 GC heap before
{Heap before GC invocations=15 (full 0):
 garbage-first heap   total 70656K, used 60895K [0x000000008ac00000, 0x0000000100000000)
  region size 1024K, 41 young (41984K), 4 survivors (4096K)
 Metaspace       used 45917K, committed 46528K, reserved 1114112K
  class space    used 6164K, committed 6464K, reserved 1048576K
}
Event: 4.461 GC heap after
{Heap after GC invocations=16 (full 0):
 garbage-first heap   total 70656K, used 23802K [0x000000008ac00000, 0x0000000100000000)
  region size 1024K, 4 young (4096K), 4 survivors (4096K)
 Metaspace       used 45917K, committed 46528K, reserved 1114112K
  class space    used 6164K, committed 6464K, reserved 1048576K
}
Event: 4.699 GC heap before
{Heap before GC invocations=16 (full 0):
 garbage-first heap   total 70656K, used 61690K [0x000000008ac00000, 0x0000000100000000)
  region size 1024K, 41 young (41984K), 4 survivors (4096K)
 Metaspace       used 49551K, committed 50176K, reserved 1114112K
  class space    used 6635K, committed 6912K, reserved 1048576K
}
Event: 4.702 GC heap after
{Heap after GC invocations=17 (full 0):
 garbage-first heap   total 84992K, used 24263K [0x000000008ac00000, 0x0000000100000000)
  region size 1024K, 4 young (4096K), 4 survivors (4096K)
 Metaspace       used 49551K, committed 50176K, reserved 1114112K
  class space    used 6635K, committed 6912K, reserved 1048576K
}

